# JRE version: OpenJDK Runtime Environment (8.0_242-b01) (build 1.8.0_242-release-1644-b01)
# Java VM: OpenJDK 64-Bit Server VM (25.242-b01 mixed mode windows-amd64 compressed oops)
Heap:
 PSYoungGen      total 515072K, used 302287K [0x00000000d5580000, 0x00000000f8500000, 0x0000000100000000)
  eden space 486912K, 56% used [0x00000000d5580000,0x00000000e61359b8,0x00000000f3100000)
  from space 28160K, 99% used [0x00000000f5580000,0x00000000f70fe3e0,0x00000000f7100000)
  to   space 37376K, 0% used [0x00000000f3100000,0x00000000f3100000,0x00000000f5580000)
 ParOldGen       total 226304K, used 143351K [0x0000000080000000, 0x000000008dd00000, 0x00000000d5580000)
  object space 226304K, 63% used [0x0000000080000000,0x0000000088bfdd68,0x000000008dd00000)
 Metaspace       used 82323K, capacity 86974K, committed 91160K, reserved 1126400K
  class space    used 11160K, capacity 11974K, committed 13360K, reserved 1048576K
GC Heap History (10 events):
Event: 36.860 GC heap before
{Heap before GC invocations=28 (full 4):
 PSYoungGen      total 308224K, used 281357K [0x00000000d5580000, 0x00000000eec80000, 0x0000000100000000)
  eden space 275456K, 100% used [0x00000000d5580000,0x00000000e6280000,0x00000000e6280000)
  from space 32768K, 18% used [0x00000000e6280000,0x00000000e6843478,0x00000000e8280000)
  to   space 32256K, 0% used [0x00000000ecd00000,0x00000000ecd00000,0x00000000eec80000)
 ParOldGen       total 226304K, used 113174K [0x0000000080000000, 0x000000008dd00000, 0x00000000d5580000)
  object space 226304K, 50% used [0x0000000080000000,0x0000000086e85878,0x000000008dd00000)
 Metaspace       used 81449K, capacity 85966K, committed 90392K, reserved 1126400K
  class space    used 11132K, capacity 11942K, committed 13360K, reserved 1048576K
Event: 36.868 GC heap after
Heap after GC invocations=28 (full 4):
 PSYoungGen      total 377344K, used 5797K [0x00000000d5580000, 0x00000000ee800000, 0x0000000100000000)
  eden space 349696K, 0% used [0x00000000d5580000,0x00000000d5580000,0x00000000eab00000)
  from space 27648K, 20% used [0x00000000ecd00000,0x00000000ed2a9448,0x00000000ee800000)
  to   space 31232K, 0% used [0x00000000eab00000,0x00000000eab00000,0x00000000ec980000)
 ParOldGen       total 226304K, used 117842K [0x0000000080000000, 0x000000008dd00000, 0x00000000d5580000)
  object space 226304K, 52% used [0x0000000080000000,0x0000000087314b88,0x000000008dd00000)
 Metaspace       used 81449K, capacity 85966K, committed 90392K, reserved 1126400K
  class space    used 11132K, capacity 11942K, committed 13360K, reserved 1048576K
}
Event: 37.502 GC heap before
{Heap before GC invocations=29 (full 4):
 PSYoungGen      total 377344K, used 355493K [0x00000000d5580000, 0x00000000ee800000, 0x0000000100000000)
  eden space 349696K, 100% used [0x00000000d5580000,0x00000000eab00000,0x00000000eab00000)
  from space 27648K, 20% used [0x00000000ecd00000,0x00000000ed2a9448,0x00000000ee800000)
  to   space 31232K, 0% used [0x00000000eab00000,0x00000000eab00000,0x00000000ec980000)
 ParOldGen       total 226304K, used 117842K [0x0000000080000000, 0x000000008dd00000, 0x00000000d5580000)
  object space 226304K, 52% used [0x0000000080000000,0x0000000087314b88,0x000000008dd00000)
 Metaspace       used 81666K, capacity 86190K, committed 90648K, reserved 1126400K
  class space    used 11133K, capacity 11942K, committed 13360K, reserved 1048576K
Event: 37.561 GC heap after
Heap after GC invocations=29 (full 4):
 PSYoungGen      total 380928K, used 6945K [0x00000000d5580000, 0x00000000f2900000, 0x0000000100000000)
  eden space 349696K, 0% used [0x00000000d5580000,0x00000000d5580000,0x00000000eab00000)
  from space 31232K, 22% used [0x00000000eab00000,0x00000000eb1c8620,0x00000000ec980000)
  to   space 30208K, 0% used [0x00000000f0b80000,0x00000000f0b80000,0x00000000f2900000)
 ParOldGen       total 226304K, used 122532K [0x0000000080000000, 0x000000008dd00000, 0x00000000d5580000)
  object space 226304K, 54% used [0x0000000080000000,0x00000000877a9078,0x000000008dd00000)
 Metaspace       used 81666K, capacity 86190K, committed 90648K, reserved 1126400K
  class space    used 11133K, capacity 11942K, committed 13360K, reserved 1048576K
}
Event: 37.885 GC heap before
{Heap before GC invocations=30 (full 4):
 PSYoungGen      total 380928K, used 356641K [0x00000000d5580000, 0x00000000f2900000, 0x0000000100000000)
  eden space 349696K, 100% used [0x00000000d5580000,0x00000000eab00000,0x00000000eab00000)
  from space 31232K, 22% used [0x00000000eab00000,0x00000000eb1c8620,0x00000000ec980000)
  to   space 30208K, 0% used [0x00000000f0b80000,0x00000000f0b80000,0x00000000f2900000)
 ParOldGen       total 226304K, used 122532K [0x0000000080000000, 0x000000008dd00000, 0x00000000d5580000)
  object space 226304K, 54% used [0x0000000080000000,0x00000000877a9078,0x000000008dd00000)
 Metaspace       used 81881K, capacity 86478K, committed 90904K, reserved 1126400K
  class space    used 11133K, capacity 11942K, committed 13360K, reserved 1048576K
Event: 37.893 GC heap after
Heap after GC invocations=30 (full 4):
 PSYoungGen      total 441344K, used 7817K [0x00000000d5580000, 0x00000000f2400000, 0x0000000100000000)
  eden space 416256K, 0% used [0x00000000d5580000,0x00000000d5580000,0x00000000eec00000)
  from space 25088K, 31% used [0x00000000f0b80000,0x00000000f13224d8,0x00000000f2400000)
  to   space 28672K, 0% used [0x00000000eec00000,0x00000000eec00000,0x00000000f0800000)
 ParOldGen       total 226304K, used 127213K [0x0000000080000000, 0x000000008dd00000, 0x00000000d5580000)
  object space 226304K, 56% used [0x0000000080000000,0x0000000087c3b6c8,0x000000008dd00000)
 Metaspace       used 81881K, capacity 86478K, committed 90904K, reserved 1126400K
  class space    used 11133K, capacity 11942K, committed 13360K, reserved 1048576K
}
Event: 38.760 GC heap before
{Heap before GC invocations=31 (full 4):
 PSYoungGen      total 441344K, used 424073K [0x00000000d5580000, 0x00000000f2400000, 0x0000000100000000)
  eden space 416256K, 100% used [0x00000000d5580000,0x00000000eec00000,0x00000000eec00000)
  from space 25088K, 31% used [0x00000000f0b80000,0x00000000f13224d8,0x00000000f2400000)
  to   space 28672K, 0% used [0x00000000eec00000,0x00000000eec00000,0x00000000f0800000)
 ParOldGen       total 226304K, used 127213K [0x0000000080000000, 0x000000008dd00000, 0x00000000d5580000)
  object space 226304K, 56% used [0x0000000080000000,0x0000000087c3b6c8,0x000000008dd00000)
 Metaspace       used 82155K, capacity 86784K, committed 91160K, reserved 1126400K
  class space    used 11154K, capacity 11969K, committed 13360K, reserved 1048576K
Event: 38.801 GC heap after
Heap after GC invocations=31 (full 4):
 PSYoungGen      total 444928K, used 14718K [0x00000000d5580000, 0x00000000f7100000, 0x0000000100000000)
  eden space 416256K, 0% used [0x00000000d5580000,0x00000000d5580000,0x00000000eec00000)
  from space 28672K, 51% used [0x00000000eec00000,0x00000000efa5f898,0x00000000f0800000)
  to   space 28160K, 0% used [0x00000000f5580000,0x00000000f5580000,0x00000000f7100000)
 ParOldGen       total 226304K, used 131973K [0x0000000080000000, 0x000000008dd00000, 0x00000000d5580000)
  object space 226304K, 58% used [0x0000000080000000,0x00000000880e1580,0x000000008dd00000)
 Metaspace       used 82155K, capacity 86784K, committed 91160K, reserved 1126400K
  class space    used 11154K, capacity 11969K, committed 13360K, reserved 1048576K
}
Event: 39.435 GC heap before
{Heap before GC invocations=32 (full 4):
 PSYoungGen      total 444928K, used 430974K [0x00000000d5580000, 0x00000000f7100000, 0x0000000100000000)
  eden space 416256K, 100% used [0x00000000d5580000,0x00000000eec00000,0x00000000eec00000)
  from space 28672K, 51% used [0x00000000eec00000,0x00000000efa5f898,0x00000000f0800000)
  to   space 28160K, 0% used [0x00000000f5580000,0x00000000f5580000,0x00000000f7100000)
 ParOldGen       total 226304K, used 131973K [0x0000000080000000, 0x000000008dd00000, 0x00000000d5580000)
  object space 226304K, 58% used [0x0000000080000000,0x00000000880e1580,0x000000008dd00000)
 Metaspace       used 82285K, capacity 86900K, committed 91160K, reserved 1126400K
  class space    used 11158K, capacity 11973K, committed 13360K, reserved 1048576K
Event: 39.459 GC heap after
Heap after GC invocations=32 (full 4):
 PSYoungGen      total 515072K, used 28152K [0x00000000d5580000, 0x00000000f8500000, 0x0000000100000000)
  eden space 486912K, 0% used [0x00000000d5580000,0x00000000d5580000,0x00000000f3100000)
  from space 28160K, 99% used [0x00000000f5580000,0x00000000f70fe3e0,0x00000000f7100000)
  to   space 37376K, 0% used [0x00000000f3100000,0x00000000f3100000,0x00000000f5580000)
 ParOldGen       total 226304K, used 143351K [0x0000000080000000, 0x000000008dd00000, 0x00000000d5580000)
  object space 226304K, 63% used [0x0000000080000000,0x0000000088bfdd68,0x000000008dd00000)
 Metaspace       used 82285K, capacity 86900K, committed 91160K, reserved 1126400K
  class space    used 11158K, capacity 11973K, committed 13360K, reserved 1048576K
}

