# JRE version: OpenJDK Runtime Environment (8.0_242-b01) (build 1.8.0_242-release-1644-b01)
# Java VM: OpenJDK 64-Bit Server VM (25.242-b01 mixed mode windows-amd64 compressed oops)
Heap:
 PSYoungGen      total 302080K, used 298623K [0x00000000d5580000, 0x00000000ea780000, 0x0000000100000000)
  eden space 267264K, 100% used [0x00000000d5580000,0x00000000e5a80000,0x00000000e5a80000)
  from space 34816K, 90% used [0x00000000e8580000,0x00000000ea41fdd8,0x00000000ea780000)
  to   space 39424K, 0% used [0x00000000e5a80000,0x00000000e5a80000,0x00000000e8100000)
 ParOldGen       total 333312K, used 63685K [0x0000000080000000, 0x0000000094580000, 0x00000000d5580000)
  object space 333312K, 19% used [0x0000000080000000,0x0000000083e317b8,0x0000000094580000)
 Metaspace       used 123196K, capacity 132337K, committed 132568K, reserved 1163264K
  class space    used 16275K, capacity 18054K, committed 18176K, reserved 1048576K
GC Heap History (10 events):
Event: 1141.142 GC heap before
{Heap before GC invocations=22 (full 4):
 PSYoungGen      total 324096K, used 323772K [0x00000000d5580000, 0x00000000ecc80000, 0x0000000100000000)
  eden space 305152K, 100% used [0x00000000d5580000,0x00000000e7f80000,0x00000000e7f80000)
  from space 18944K, 98% used [0x00000000e8800000,0x00000000e9a2f3d8,0x00000000e9a80000)
  to   space 39424K, 0% used [0x00000000ea600000,0x00000000ea600000,0x00000000ecc80000)
 ParOldGen       total 333312K, used 63645K [0x0000000080000000, 0x0000000094580000, 0x00000000d5580000)
  object space 333312K, 19% used [0x0000000080000000,0x0000000083e277b8,0x0000000094580000)
 Metaspace       used 112212K, capacity 119513K, committed 119768K, reserved 1153024K
  class space    used 14957K, capacity 16355K, committed 16384K, reserved 1048576K
Event: 1141.166 GC heap after
Heap after GC invocations=22 (full 4):
 PSYoungGen      total 325120K, used 18724K [0x00000000d5580000, 0x00000000ec180000, 0x0000000100000000)
  eden space 296960K, 0% used [0x00000000d5580000,0x00000000d5580000,0x00000000e7780000)
  from space 28160K, 66% used [0x00000000ea600000,0x00000000eb8491d8,0x00000000ec180000)
  to   space 37888K, 0% used [0x00000000e7780000,0x00000000e7780000,0x00000000e9c80000)
 ParOldGen       total 333312K, used 63653K [0x0000000080000000, 0x0000000094580000, 0x00000000d5580000)
  object space 333312K, 19% used [0x0000000080000000,0x0000000083e297b8,0x0000000094580000)
 Metaspace       used 112212K, capacity 119513K, committed 119768K, reserved 1153024K
  class space    used 14957K, capacity 16355K, committed 16384K, reserved 1048576K
}
Event: 1712.235 GC heap before
{Heap before GC invocations=23 (full 4):
 PSYoungGen      total 325120K, used 315684K [0x00000000d5580000, 0x00000000ec180000, 0x0000000100000000)
  eden space 296960K, 100% used [0x00000000d5580000,0x00000000e7780000,0x00000000e7780000)
  from space 28160K, 66% used [0x00000000ea600000,0x00000000eb8491d8,0x00000000ec180000)
  to   space 37888K, 0% used [0x00000000e7780000,0x00000000e7780000,0x00000000e9c80000)
 ParOldGen       total 333312K, used 63653K [0x0000000080000000, 0x0000000094580000, 0x00000000d5580000)
  object space 333312K, 19% used [0x0000000080000000,0x0000000083e297b8,0x0000000094580000)
 Metaspace       used 117833K, capacity 125707K, committed 126040K, reserved 1159168K
  class space    used 15669K, capacity 17198K, committed 17280K, reserved 1048576K
Event: 1714.502 GC heap after
Heap after GC invocations=23 (full 4):
 PSYoungGen      total 309248K, used 19758K [0x00000000d5580000, 0x00000000eb800000, 0x0000000100000000)
  eden space 289280K, 0% used [0x00000000d5580000,0x00000000d5580000,0x00000000e7000000)
  from space 19968K, 98% used [0x00000000e7780000,0x00000000e8acba28,0x00000000e8b00000)
  to   space 36864K, 0% used [0x00000000e9400000,0x00000000e9400000,0x00000000eb800000)
 ParOldGen       total 333312K, used 63661K [0x0000000080000000, 0x0000000094580000, 0x00000000d5580000)
  object space 333312K, 19% used [0x0000000080000000,0x0000000083e2b7b8,0x0000000094580000)
 Metaspace       used 117833K, capacity 125707K, committed 126040K, reserved 1159168K
  class space    used 15669K, capacity 17198K, committed 17280K, reserved 1048576K
}
Event: 1734.546 GC heap before
{Heap before GC invocations=24 (full 4):
 PSYoungGen      total 309248K, used 309038K [0x00000000d5580000, 0x00000000eb800000, 0x0000000100000000)
  eden space 289280K, 100% used [0x00000000d5580000,0x00000000e7000000,0x00000000e7000000)
  from space 19968K, 98% used [0x00000000e7780000,0x00000000e8acba28,0x00000000e8b00000)
  to   space 36864K, 0% used [0x00000000e9400000,0x00000000e9400000,0x00000000eb800000)
 ParOldGen       total 333312K, used 63661K [0x0000000080000000, 0x0000000094580000, 0x00000000d5580000)
  object space 333312K, 19% used [0x0000000080000000,0x0000000083e2b7b8,0x0000000094580000)
 Metaspace       used 118324K, capacity 126351K, committed 126552K, reserved 1159168K
  class space    used 15698K, capacity 17246K, committed 17280K, reserved 1048576K
Event: 1734.583 GC heap after
Heap after GC invocations=24 (full 4):
 PSYoungGen      total 309760K, used 21328K [0x00000000d5580000, 0x00000000eaf80000, 0x0000000100000000)
  eden space 281600K, 0% used [0x00000000d5580000,0x00000000d5580000,0x00000000e6880000)
  from space 28160K, 75% used [0x00000000e9400000,0x00000000ea8d4170,0x00000000eaf80000)
  to   space 36352K, 0% used [0x00000000e6880000,0x00000000e6880000,0x00000000e8c00000)
 ParOldGen       total 333312K, used 63669K [0x0000000080000000, 0x0000000094580000, 0x00000000d5580000)
  object space 333312K, 19% used [0x0000000080000000,0x0000000083e2d7b8,0x0000000094580000)
 Metaspace       used 118324K, capacity 126351K, committed 126552K, reserved 1159168K
  class space    used 15698K, capacity 17246K, committed 17280K, reserved 1048576K
}
Event: 2706.699 GC heap before
{Heap before GC invocations=25 (full 4):
 PSYoungGen      total 309760K, used 302928K [0x00000000d5580000, 0x00000000eaf80000, 0x0000000100000000)
  eden space 281600K, 100% used [0x00000000d5580000,0x00000000e6880000,0x00000000e6880000)
  from space 28160K, 75% used [0x00000000e9400000,0x00000000ea8d4170,0x00000000eaf80000)
  to   space 36352K, 0% used [0x00000000e6880000,0x00000000e6880000,0x00000000e8c00000)
 ParOldGen       total 333312K, used 63669K [0x0000000080000000, 0x0000000094580000, 0x00000000d5580000)
  object space 333312K, 19% used [0x0000000080000000,0x0000000083e2d7b8,0x0000000094580000)
 Metaspace       used 122189K, capacity 131329K, committed 131544K, reserved 1163264K
  class space    used 16178K, capacity 17904K, committed 17920K, reserved 1048576K
Event: 2709.240 GC heap after
Heap after GC invocations=25 (full 4):
 PSYoungGen      total 298496K, used 23626K [0x00000000d5580000, 0x00000000ea980000, 0x0000000100000000)
  eden space 274432K, 0% used [0x00000000d5580000,0x00000000d5580000,0x00000000e6180000)
  from space 24064K, 98% used [0x00000000e6880000,0x00000000e7f92860,0x00000000e8000000)
  to   space 36864K, 0% used [0x00000000e8580000,0x00000000e8580000,0x00000000ea980000)
 ParOldGen       total 333312K, used 63677K [0x0000000080000000, 0x0000000094580000, 0x00000000d5580000)
  object space 333312K, 19% used [0x0000000080000000,0x0000000083e2f7b8,0x0000000094580000)
 Metaspace       used 122189K, capacity 131329K, committed 131544K, reserved 1163264K
  class space    used 16178K, capacity 17904K, committed 17920K, reserved 1048576K
}
Event: 2786.776 GC heap before
{Heap before GC invocations=26 (full 4):
 PSYoungGen      total 298496K, used 298058K [0x00000000d5580000, 0x00000000ea980000, 0x0000000100000000)
  eden space 274432K, 100% used [0x00000000d5580000,0x00000000e6180000,0x00000000e6180000)
  from space 24064K, 98% used [0x00000000e6880000,0x00000000e7f92860,0x00000000e8000000)
  to   space 36864K, 0% used [0x00000000e8580000,0x00000000e8580000,0x00000000ea980000)
 ParOldGen       total 333312K, used 63677K [0x0000000080000000, 0x0000000094580000, 0x00000000d5580000)
  object space 333312K, 19% used [0x0000000080000000,0x0000000083e2f7b8,0x0000000094580000)
 Metaspace       used 122816K, capacity 131901K, committed 132184K, reserved 1163264K
  class space    used 16218K, capacity 17974K, committed 18048K, reserved 1048576K
Event: 2787.239 GC heap after
Heap after GC invocations=26 (full 4):
 PSYoungGen      total 302080K, used 31359K [0x00000000d5580000, 0x00000000ea780000, 0x0000000100000000)
  eden space 267264K, 0% used [0x00000000d5580000,0x00000000d5580000,0x00000000e5a80000)
  from space 34816K, 90% used [0x00000000e8580000,0x00000000ea41fdd8,0x00000000ea780000)
  to   space 39424K, 0% used [0x00000000e5a80000,0x00000000e5a80000,0x00000000e8100000)
 ParOldGen       total 333312K, used 63685K [0x0000000080000000, 0x0000000094580000, 0x00000000d5580000)
  object space 333312K, 19% used [0x0000000080000000,0x0000000083e317b8,0x0000000094580000)
 Metaspace       used 122816K, capacity 131901K, committed 132184K, reserved 1163264K
  class space    used 16218K, capacity 17974K, committed 18048K, reserved 1048576K
}

